<?xml version="1.0" encoding="utf-8"?>
<testsuites disabled="0" errors="0" failures="3" tests="5" time="5.268329620361328">
	<testsuite disabled="0" errors="0" failures="0" name="TG_MVP_Ping" skipped="0" tests="0" time="0" timestamp="1650465233.7376854">
		<system-out>META: Python packages:
{&quot;Category&quot;: &quot;Python&quot;, &quot;Key&quot;: &quot;zserio&quot;, &quot;Value&quot;: &quot;2.2.0&quot;,
&quot;Category&quot;: &quot;Python&quot;, &quot;Key&quot;: &quot;zeep&quot;, &quot;Value&quot;: &quot;4.1.0&quot;,
&quot;Category&quot;: &quot;Python&quot;, &quot;Key&quot;: &quot;xmltodict&quot;, &quot;Value&quot;: &quot;0.12.0&quot;,
&quot;Category&quot;: &quot;Python&quot;, &quot;Key&quot;: &quot;xmldiff&quot;, &quot;Value&quot;: &quot;2.4&quot;,
&quot;Category&quot;: &quot;Python&quot;, &quot;Key&quot;: &quot;wsproto&quot;, &quot;Value&quot;: &quot;1.1.0&quot;,
&quot;Category&quot;: &quot;Python&quot;, &quot;Key&quot;: &quot;wrapt&quot;, &quot;Value&quot;: &quot;1.14.0&quot;,
&quot;Category&quot;: &quot;Python&quot;, &quot;Key&quot;: &quot;whichcraft&quot;, &quot;Value&quot;: &quot;0.6.1&quot;,
&quot;Category&quot;: &quot;Python&quot;, &quot;Key&quot;: &quot;websocket-client&quot;, &quot;Value&quot;: &quot;1.2.3&quot;,
&quot;Category&quot;: &quot;Python&quot;, &quot;Key&quot;: &quot;urllib3&quot;, &quot;Value&quot;: &quot;1.26.8&quot;,
&quot;Category&quot;: &quot;Python&quot;, &quot;Key&quot;: &quot;uiautomator2-enna&quot;, &quot;Value&quot;: &quot;2.15.2.4&quot;,
&quot;Category&quot;: &quot;Python&quot;, &quot;Key&quot;: &quot;trio-websocket&quot;, &quot;Value&quot;: &quot;0.9.2&quot;,
&quot;Category&quot;: &quot;Python&quot;, &quot;Key&quot;: &quot;trio&quot;, &quot;Value&quot;: &quot;0.20.0&quot;,
&quot;Category&quot;: &quot;Python&quot;, &quot;Key&quot;: &quot;tribool&quot;, &quot;Value&quot;: &quot;0.7.3&quot;,
&quot;Category&quot;: &quot;Python&quot;, &quot;Key&quot;: &quot;transitions&quot;, &quot;Value&quot;: &quot;0.8.11&quot;,
&quot;Category&quot;: &quot;Python&quot;, &quot;Key&quot;: &quot;tif-core&quot;, &quot;Value&quot;: &quot;2022.2.0&quot;,
&quot;Category&quot;: &quot;Python&quot;, &quot;Key&quot;: &quot;TIF&quot;, &quot;Value&quot;: &quot;2022.2.0&quot;,
&quot;Category&quot;: &quot;Python&quot;, &quot;Key&quot;: &quot;texttable&quot;, &quot;Value&quot;: &quot;1.6.4&quot;,
&quot;Category&quot;: &quot;Python&quot;, &quot;Key&quot;: &quot;tesserocr&quot;, &quot;Value&quot;: &quot;2.5.2&quot;,
&quot;Category&quot;: &quot;Python&quot;, &quot;Key&quot;: &quot;switching-device&quot;, &quot;Value&quot;: &quot;2021.4.7&quot;,
&quot;Category&quot;: &quot;Python&quot;, &quot;Key&quot;: &quot;SoundFile&quot;, &quot;Value&quot;: &quot;0.10.3.post1&quot;,
&quot;Category&quot;: &quot;Python&quot;, &quot;Key&quot;: &quot;sounddevice&quot;, &quot;Value&quot;: &quot;0.4.4&quot;,
&quot;Category&quot;: &quot;Python&quot;, &quot;Key&quot;: &quot;sortedcontainers&quot;, &quot;Value&quot;: &quot;2.4.0&quot;,
&quot;Category&quot;: &quot;Python&quot;, &quot;Key&quot;: &quot;sniffio&quot;, &quot;Value&quot;: &quot;1.2.0&quot;,
&quot;Category&quot;: &quot;Python&quot;, &quot;Key&quot;: &quot;six&quot;, &quot;Value&quot;: &quot;1.16.0&quot;,
&quot;Category&quot;: &quot;Python&quot;, &quot;Key&quot;: &quot;selenium&quot;, &quot;Value&quot;: &quot;4.1.3&quot;,
&quot;Category&quot;: &quot;Python&quot;, &quot;Key&quot;: &quot;scp&quot;, &quot;Value&quot;: &quot;0.14.4&quot;,
&quot;Category&quot;: &quot;Python&quot;, &quot;Key&quot;: &quot;scapy&quot;, &quot;Value&quot;: &quot;2.4.5&quot;,
&quot;Category&quot;: &quot;Python&quot;, &quot;Key&quot;: &quot;retry&quot;, &quot;Value&quot;: &quot;0.9.2&quot;,
&quot;Category&quot;: &quot;Python&quot;, &quot;Key&quot;: &quot;requests-toolbelt&quot;, &quot;Value&quot;: &quot;0.9.1&quot;,
&quot;Category&quot;: &quot;Python&quot;, &quot;Key&quot;: &quot;requests-file&quot;, &quot;Value&quot;: &quot;1.5.1&quot;,
&quot;Category&quot;: &quot;Python&quot;, &quot;Key&quot;: &quot;requests&quot;, &quot;Value&quot;: &quot;2.27.1&quot;,
&quot;Category&quot;: &quot;Python&quot;, &quot;Key&quot;: &quot;re2&quot;, &quot;Value&quot;: &quot;1.0.7&quot;,
&quot;Category&quot;: &quot;Python&quot;, &quot;Key&quot;: &quot;pytz&quot;, &quot;Value&quot;: &quot;2021.3&quot;,
&quot;Category&quot;: &quot;Python&quot;, &quot;Key&quot;: &quot;pythonnet&quot;, &quot;Value&quot;: &quot;3.0.0a2&quot;,
&quot;Category&quot;: &quot;Python&quot;, &quot;Key&quot;: &quot;python-socketio&quot;, &quot;Value&quot;: &quot;4.6.1&quot;,
&quot;Category&quot;: &quot;Python&quot;, &quot;Key&quot;: &quot;python-Levenshtein-wheels&quot;, &quot;Value&quot;: &quot;0.13.2&quot;,
&quot;Category&quot;: &quot;Python&quot;, &quot;Key&quot;: &quot;python-engineio&quot;, &quot;Value&quot;: &quot;3.14.2&quot;,
&quot;Category&quot;: &quot;Python&quot;, &quot;Key&quot;: &quot;python-can&quot;, &quot;Value&quot;: &quot;3.3.4&quot;,
&quot;Category&quot;: &quot;Python&quot;, &quot;Key&quot;: &quot;PySocks&quot;, &quot;Value&quot;: &quot;1.7.1&quot;,
&quot;Category&quot;: &quot;Python&quot;, &quot;Key&quot;: &quot;pyshark&quot;, &quot;Value&quot;: &quot;0.4.5&quot;,
&quot;Category&quot;: &quot;Python&quot;, &quot;Key&quot;: &quot;pyserial&quot;, &quot;Value&quot;: &quot;3.5&quot;,
&quot;Category&quot;: &quot;Python&quot;, &quot;Key&quot;: &quot;pyrsistent&quot;, &quot;Value&quot;: &quot;0.18.1&quot;,
&quot;Category&quot;: &quot;Python&quot;, &quot;Key&quot;: &quot;pyparsing&quot;, &quot;Value&quot;: &quot;3.0.7&quot;,
&quot;Category&quot;: &quot;Python&quot;, &quot;Key&quot;: &quot;pyOpenSSL&quot;, &quot;Value&quot;: &quot;22.0.0&quot;,
&quot;Category&quot;: &quot;Python&quot;, &quot;Key&quot;: &quot;PyNaCl&quot;, &quot;Value&quot;: &quot;1.5.0&quot;,
&quot;Category&quot;: &quot;Python&quot;, &quot;Key&quot;: &quot;pyelftools&quot;, &quot;Value&quot;: &quot;0.28&quot;,
&quot;Category&quot;: &quot;Python&quot;, &quot;Key&quot;: &quot;PyDAQmx&quot;, &quot;Value&quot;: &quot;1.4.6&quot;,
&quot;Category&quot;: &quot;Python&quot;, &quot;Key&quot;: &quot;pycparser&quot;, &quot;Value&quot;: &quot;2.21&quot;,
&quot;Category&quot;: &quot;Python&quot;, &quot;Key&quot;: &quot;py7zr&quot;, &quot;Value&quot;: &quot;0.4.4&quot;,
&quot;Category&quot;: &quot;Python&quot;, &quot;Key&quot;: &quot;py&quot;, &quot;Value&quot;: &quot;1.11.0&quot;,
&quot;Category&quot;: &quot;Python&quot;, &quot;Key&quot;: &quot;psutil&quot;, &quot;Value&quot;: &quot;5.9.0&quot;,
&quot;Category&quot;: &quot;Python&quot;, &quot;Key&quot;: &quot;progress&quot;, &quot;Value&quot;: &quot;1.6&quot;,
&quot;Category&quot;: &quot;Python&quot;, &quot;Key&quot;: &quot;platformdirs&quot;, &quot;Value&quot;: &quot;2.5.1&quot;,
&quot;Category&quot;: &quot;Python&quot;, &quot;Key&quot;: &quot;Pillow&quot;, &quot;Value&quot;: &quot;9.0.1&quot;,
&quot;Category&quot;: &quot;Python&quot;, &quot;Key&quot;: &quot;paramiko&quot;, &quot;Value&quot;: &quot;2.9.2&quot;,
&quot;Category&quot;: &quot;Python&quot;, &quot;Key&quot;: &quot;paho-mqtt&quot;, &quot;Value&quot;: &quot;1.6.1&quot;,
&quot;Category&quot;: &quot;Python&quot;, &quot;Key&quot;: &quot;packaging&quot;, &quot;Value&quot;: &quot;20.9&quot;,
&quot;Category&quot;: &quot;Python&quot;, &quot;Key&quot;: &quot;outcome&quot;, &quot;Value&quot;: &quot;1.1.0&quot;,
&quot;Category&quot;: &quot;Python&quot;, &quot;Key&quot;: &quot;openh264&quot;, &quot;Value&quot;: &quot;1.8.0&quot;,
&quot;Category&quot;: &quot;Python&quot;, &quot;Key&quot;: &quot;opencv-python&quot;, &quot;Value&quot;: &quot;4.5.5.62&quot;,
&quot;Category&quot;: &quot;Python&quot;, &quot;Key&quot;: &quot;numpy&quot;, &quot;Value&quot;: &quot;1.22.1&quot;,
&quot;Category&quot;: &quot;Python&quot;, &quot;Key&quot;: &quot;lxml&quot;, &quot;Value&quot;: &quot;4.8.0&quot;,
&quot;Category&quot;: &quot;Python&quot;, &quot;Key&quot;: &quot;junit-xml&quot;, &quot;Value&quot;: &quot;1.9&quot;,
&quot;Category&quot;: &quot;Python&quot;, &quot;Key&quot;: &quot;jsonschema&quot;, &quot;Value&quot;: &quot;4.4.0&quot;,
&quot;Category&quot;: &quot;Python&quot;, &quot;Key&quot;: &quot;isodate&quot;, &quot;Value&quot;: &quot;0.6.1&quot;,
&quot;Category&quot;: &quot;Python&quot;, &quot;Key&quot;: &quot;idna&quot;, &quot;Value&quot;: &quot;3.3&quot;,
&quot;Category&quot;: &quot;Python&quot;, &quot;Key&quot;: &quot;h11&quot;, &quot;Value&quot;: &quot;0.13.0&quot;,
&quot;Category&quot;: &quot;Python&quot;, &quot;Key&quot;: &quot;enna-tc-mvp-st20&quot;, &quot;Value&quot;: &quot;2022.1.0&quot;,
&quot;Category&quot;: &quot;Python&quot;, &quot;Key&quot;: &quot;enna-hcp-configuration&quot;, &quot;Value&quot;: &quot;1.9&quot;,
&quot;Category&quot;: &quot;Python&quot;, &quot;Key&quot;: &quot;enna-hcp&quot;, &quot;Value&quot;: &quot;2022.1.1&quot;,
&quot;Category&quot;: &quot;Python&quot;, &quot;Key&quot;: &quot;enna&quot;, &quot;Value&quot;: &quot;2022.1.1&quot;,
&quot;Category&quot;: &quot;Python&quot;, &quot;Key&quot;: &quot;display-touch-simulation&quot;, &quot;Value&quot;: &quot;2021.3.2&quot;,
&quot;Category&quot;: &quot;Python&quot;, &quot;Key&quot;: &quot;deprecation&quot;, &quot;Value&quot;: &quot;2.1.0&quot;,
&quot;Category&quot;: &quot;Python&quot;, &quot;Key&quot;: &quot;Deprecated&quot;, &quot;Value&quot;: &quot;1.2.13&quot;,
&quot;Category&quot;: &quot;Python&quot;, &quot;Key&quot;: &quot;decorator&quot;, &quot;Value&quot;: &quot;5.1.1&quot;,
&quot;Category&quot;: &quot;Python&quot;, &quot;Key&quot;: &quot;cryptography&quot;, &quot;Value&quot;: &quot;36.0.1&quot;,
&quot;Category&quot;: &quot;Python&quot;, &quot;Key&quot;: &quot;clr-loader&quot;, &quot;Value&quot;: &quot;0.1.7&quot;,
&quot;Category&quot;: &quot;Python&quot;, &quot;Key&quot;: &quot;cigam&quot;, &quot;Value&quot;: &quot;0.0.3&quot;,
&quot;Category&quot;: &quot;Python&quot;, &quot;Key&quot;: &quot;charset-normalizer&quot;, &quot;Value&quot;: &quot;2.0.12&quot;,
&quot;Category&quot;: &quot;Python&quot;, &quot;Key&quot;: &quot;cffi&quot;, &quot;Value&quot;: &quot;1.15.0&quot;,
&quot;Category&quot;: &quot;Python&quot;, &quot;Key&quot;: &quot;certifi&quot;, &quot;Value&quot;: &quot;2021.10.8&quot;,
&quot;Category&quot;: &quot;Python&quot;, &quot;Key&quot;: &quot;can-isotp&quot;, &quot;Value&quot;: &quot;1.8&quot;,
&quot;Category&quot;: &quot;Python&quot;, &quot;Key&quot;: &quot;cached-property&quot;, &quot;Value&quot;: &quot;1.5.2&quot;,
&quot;Category&quot;: &quot;Python&quot;, &quot;Key&quot;: &quot;bitarray&quot;, &quot;Value&quot;: &quot;2.3.6&quot;,
&quot;Category&quot;: &quot;Python&quot;, &quot;Key&quot;: &quot;bcrypt&quot;, &quot;Value&quot;: &quot;3.2.0&quot;,
&quot;Category&quot;: &quot;Python&quot;, &quot;Key&quot;: &quot;av&quot;, &quot;Value&quot;: &quot;8.1.0&quot;,
&quot;Category&quot;: &quot;Python&quot;, &quot;Key&quot;: &quot;attrs&quot;, &quot;Value&quot;: &quot;21.4.0&quot;,
&quot;Category&quot;: &quot;Python&quot;, &quot;Key&quot;: &quot;async-generator&quot;, &quot;Value&quot;: &quot;1.10&quot;,
&quot;Category&quot;: &quot;Python&quot;, &quot;Key&quot;: &quot;apkutils2&quot;, &quot;Value&quot;: &quot;1.0.0&quot;,
&quot;Category&quot;: &quot;Python&quot;, &quot;Key&quot;: &quot;aenum&quot;, &quot;Value&quot;: &quot;3.1.8&quot;,
&quot;Category&quot;: &quot;Python&quot;, &quot;Key&quot;: &quot;adbutils-enna&quot;, &quot;Value&quot;: &quot;0.11.0.2&quot;,
&quot;Category&quot;: &quot;Python&quot;, &quot;Key&quot;: &quot;python&quot;, &quot;Value&quot;: &quot;3.10.2 (main, Mar  2 2022, 03:44:48) [GCC 10.2.1 20210110]&quot;}
</system-out>
	</testsuite>
	<testsuite disabled="0" errors="0" failures="1" name="IcpPingStimulation" skipped="0" tests="1" time="2.224825382232666" timestamp="1650465233.7801309">
		<system-out>2022-04-20 | 14:33:53.822 | INFO : IcpPingStimulation | Starting Precondition
2022-04-20 | 14:33:53.864 | INFO : No precondition set - nothing to do here
2022-04-20 | 14:33:53.906 | INFO : IcpPingStimulation | Precondition passed
2022-04-20 | 14:33:53.948 | INFO : IcpPingStimulation | Starting Action
2022-04-20 | 14:33:55.960 | SYSTEM ERROR : MVP_COMMUNICATION_004_Ping ICP failed: Failed to ping fd53:7cb8:383:2::ff1. Command '['ping', '-c', '1', '-w', '2', 'fd53:7cb8:383:2::ff1']' returned non-zero exit status 1.: b'PING fd53:7cb8:383:2::ff1(fd53:7cb8:383:2::ff1) 56 data bytes\n\n--- fd53:7cb8:383:2::ff1 ping statistics ---\n2 packets transmitted, 0 received, 100% packet loss, time 1004ms\n\n'
2022-04-20 | 14:33:56.047 | PASS : IcpPingStimulation | Action passed
2022-04-20 | 14:33:56.089 | INFO : IcpPingStimulation | Starting Postcondition
2022-04-20 | 14:33:56.131 | INFO : No postcondition set - nothing to do here
2022-04-20 | 14:33:56.173 | INFO : IcpPingStimulation | Postcondition passed
</system-out>
		<testcase name="MVP_COMMUNICATION_004_Ping ICP" time="2.224825" timestamp="1650465236.0049682" status="FAILURE">
			<failure type="FAILURE" message="2022-04-20 | 14:33:56.004 | SYSTEM ERROR:MVP_COMMUNICATION_004_Ping ICP | Failed to ping fd53:7cb8:383:2::ff1. Command '['ping', '-c', '1', '-w', '2', 'fd53:7cb8:383:2::ff1']' returned non-zero exit status 1.: b'PING fd53:7cb8:383:2::ff1(fd53:7cb8:383:2::ff1) 56 data bytes\n\n--- fd53:7cb8:383:2::ff1 ping statistics ---\n2 packets transmitted, 0 received, 100% packet loss, time 1004ms\n\n'

_______________________________
TEST SPECIFICATION:
_______________________________

Precondition: 
P_1: System is switched on (clamp 30)

Action: 
A_1: Generate an ICMPv6 echo request (ping) to ip address fd53:7cb8:383:2::ff1 (ICP)

Expected result: 
E_1: An ICMPv6 echo reply is received from ip fd53:7cb8:383:2::ff1."/>
		</testcase>
	</testsuite>
	<testsuite disabled="0" errors="0" failures="1" name="VcpPingStimulation" skipped="0" tests="1" time="0.2565038204193115" timestamp="1650465236.2163558">
		<system-out>2022-04-20 | 14:33:56.258 | INFO : VcpPingStimulation | Starting Precondition
2022-04-20 | 14:33:56.301 | INFO : No precondition set - nothing to do here
2022-04-20 | 14:33:56.344 | INFO : VcpPingStimulation | Precondition passed
2022-04-20 | 14:33:56.387 | INFO : VcpPingStimulation | Starting Action
2022-04-20 | 14:33:56.430 | SYSTEM ERROR : MVP_COMMUNICATION_006_Ping VCP failed: Failed to ping fd53:7cb8:383:5::ff4. Command '['ping', '-c', '1', '-w', '2', 'fd53:7cb8:383:5::ff4']' returned non-zero exit status 2.: b'ping: connect: Network is unreachable\n'
2022-04-20 | 14:33:56.515 | PASS : VcpPingStimulation | Action passed
2022-04-20 | 14:33:56.558 | INFO : VcpPingStimulation | Starting Postcondition
2022-04-20 | 14:33:56.601 | INFO : No postcondition set - nothing to do here
2022-04-20 | 14:33:56.643 | INFO : VcpPingStimulation | Postcondition passed
</system-out>
		<testcase name="MVP_COMMUNICATION_006_Ping VCP" time="0.256504" timestamp="1650465236.4728734" status="FAILURE">
			<failure type="FAILURE" message="2022-04-20 | 14:33:56.472 | SYSTEM ERROR:MVP_COMMUNICATION_006_Ping VCP | Failed to ping fd53:7cb8:383:5::ff4. Command '['ping', '-c', '1', '-w', '2', 'fd53:7cb8:383:5::ff4']' returned non-zero exit status 2.: b'ping: connect: Network is unreachable\n'

_______________________________
TEST SPECIFICATION:
_______________________________

Precondition: 
P_1: System is switched on (clamp 30)

Action: 
A_1: Generate an ICMPv6 echo request (ping) to ip address fd53:7cb8:383:5::ff4 (VCP Body)

Expected result: 
E_1: An ICMPv6 echo reply is received from ip fd53:7cb8:383:5::ff4."/>
		</testcase>
	</testsuite>
	<testsuite disabled="0" errors="0" failures="1" name="AdasPingStimulation" skipped="0" tests="1" time="2.2515649795532227" timestamp="1650465236.6862807">
		<system-out>2022-04-20 | 14:33:56.728 | INFO : AdasPingStimulation | Starting Precondition
2022-04-20 | 14:33:56.770 | INFO : No precondition set - nothing to do here
2022-04-20 | 14:33:56.812 | INFO : AdasPingStimulation | Precondition passed
2022-04-20 | 14:33:56.854 | INFO : AdasPingStimulation | Starting Action
2022-04-20 | 14:33:58.894 | SYSTEM ERROR : MVP_COMMUNICATION_005_Ping ADAS failed: Failed to ping fd53:7cb8:383:2::13a. Command '['ping', '-c', '1', '-w', '2', 'fd53:7cb8:383:2::13a']' returned non-zero exit status 1.: b'PING fd53:7cb8:383:2::13a(fd53:7cb8:383:2::13a) 56 data bytes\n\n--- fd53:7cb8:383:2::13a ping statistics ---\n2 packets transmitted, 0 received, 100% packet loss, time 1013ms\n\n'
2022-04-20 | 14:33:58.980 | PASS : AdasPingStimulation | Action passed
2022-04-20 | 14:33:59.022 | INFO : AdasPingStimulation | Starting Postcondition
2022-04-20 | 14:33:59.064 | INFO : No postcondition set - nothing to do here
2022-04-20 | 14:33:59.106 | INFO : AdasPingStimulation | Postcondition passed
</system-out>
		<testcase name="MVP_COMMUNICATION_005_Ping ADAS" time="2.251565" timestamp="1650465238.9378603" status="FAILURE">
			<failure type="FAILURE" message="2022-04-20 | 14:33:58.937 | SYSTEM ERROR:MVP_COMMUNICATION_005_Ping ADAS | Failed to ping fd53:7cb8:383:2::13a. Command '['ping', '-c', '1', '-w', '2', 'fd53:7cb8:383:2::13a']' returned non-zero exit status 1.: b'PING fd53:7cb8:383:2::13a(fd53:7cb8:383:2::13a) 56 data bytes\n\n--- fd53:7cb8:383:2::13a ping statistics ---\n2 packets transmitted, 0 received, 100% packet loss, time 1013ms\n\n'

_______________________________
TEST SPECIFICATION:
_______________________________

Precondition: 
P_1: System is switched on (clamp 30)

Action: 
A_1: Generate an ICMPv6 echo request (ping) to ip address fd53:7cb8:383:2::13a (ADAS)

Expected result: 
E_1: An ICMPv6 echo reply is received from ip fd53:7cb8:383:2::13a."/>
		</testcase>
	</testsuite>
	<testsuite disabled="0" errors="0" failures="0" name="ScpBacklanePingStimulation" skipped="0" tests="1" time="0.2676548957824707" timestamp="1650465239.1491332">
		<system-out>2022-04-20 | 14:33:59.190 | INFO : ScpBacklanePingStimulation | Starting Precondition
2022-04-20 | 14:33:59.232 | INFO : No precondition set - nothing to do here
2022-04-20 | 14:33:59.274 | INFO : ScpBacklanePingStimulation | Precondition passed
2022-04-20 | 14:33:59.316 | INFO : ScpBacklanePingStimulation | Starting Action
2022-04-20 | 14:33:59.373 | PASS : MVP_COMMUNICATION_000_Ping SCP Backplane passed: Ping of fd53:7cb8:383:2::13c was successful.
2022-04-20 | 14:33:59.458 | PASS : ScpBacklanePingStimulation | Action passed
2022-04-20 | 14:33:59.500 | INFO : ScpBacklanePingStimulation | Starting Postcondition
2022-04-20 | 14:33:59.542 | INFO : No postcondition set - nothing to do here
2022-04-20 | 14:33:59.585 | INFO : ScpBacklanePingStimulation | Postcondition passed
</system-out>
		<testcase name="MVP_COMMUNICATION_000_Ping SCP Backplane" time="0.267655" timestamp="1650465239.4168026" status="PASS">
			<system-out>2022-04-20 | 14:33:59.416 | PASS:MVP_COMMUNICATION_000_Ping SCP Backplane | Ping of fd53:7cb8:383:2::13c was successful.

_______________________________
TEST SPECIFICATION:
_______________________________

Precondition: 
P_1: System is switched on (clamp 30).

Action: 
A_1: Generate an ICMPv6 echo request (ping) to ip address fd53:7cb8:383:2::13c (SCP Backplane)

Expected result: 
E_1: An ICMPv6 echo reply is received from ip fd53:7cb8:383:2::13c
</system-out>
		</testcase>
	</testsuite>
	<testsuite disabled="0" errors="0" failures="0" name="ZoneControlFrontRightPingStimulation" skipped="0" tests="1" time="0.2677805423736572" timestamp="1650465239.6283004">
		<system-out>2022-04-20 | 14:33:59.670 | INFO : ZoneControlFrontRightPingStimulation | Starting Precondition
2022-04-20 | 14:33:59.712 | INFO : No precondition set - nothing to do here
2022-04-20 | 14:33:59.754 | INFO : ZoneControlFrontRightPingStimulation | Precondition passed
2022-04-20 | 14:33:59.796 | INFO : ZoneControlFrontRightPingStimulation | Starting Action
2022-04-20 | 14:33:59.852 | PASS : MVP_COMMUNICATION_002_Ping Zonal VR passed: Ping of fd53:7cb8:383:2::ffa was successful.
2022-04-20 | 14:33:59.937 | PASS : ZoneControlFrontRightPingStimulation | Action passed
2022-04-20 | 14:33:59.979 | INFO : ZoneControlFrontRightPingStimulation | Starting Postcondition
2022-04-20 | 14:34:00.021 | INFO : No postcondition set - nothing to do here
2022-04-20 | 14:34:00.063 | INFO : ZoneControlFrontRightPingStimulation | Postcondition passed
</system-out>
		<testcase name="MVP_COMMUNICATION_002_Ping Zonal VR" time="0.267781" timestamp="1650465239.8960958" status="PASS">
			<system-out>2022-04-20 | 14:33:59.895 | PASS:MVP_COMMUNICATION_002_Ping Zonal VR | Ping of fd53:7cb8:383:2::ffa was successful.

_______________________________
TEST SPECIFICATION:
_______________________________

Precondition: 
P_1: System is switched on (clamp 30)

Action: 
A_1: Generate an ICMPv6 echo request (ping) to ip address fd53:7cb8:383:2::ffa (Zonal VR)

Expected result: 
E_1: An ICMPv6 echo reply is received from ip fd53:7cb8:383:2::ffa.
</system-out>
		</testcase>
	</testsuite>
</testsuites>
